# JRE version: OpenJDK Runtime Environment (17.0.1+12) (build 17.0.1+12-39)
# Java VM: OpenJDK 64-Bit Server VM (17.0.1+12-39, mixed mode, sharing, tiered, compressed oops, compressed class ptrs, g1 gc, windows-amd64)
GC Precious Log:
 CPUs: 20 total, 20 available
 Memory: 32687M
 Large Page Support: Disabled
 NUMA Support: Disabled
 Compressed Oops: Enabled (Zero based)
 Heap Region Size: 4M
 Heap Min Capacity: 8M
 Heap Initial Capacity: 512M
 Heap Max Capacity: 8172M
 Pre-touch: Disabled
 Parallel Workers: 15
 Concurrent Workers: 4
 Concurrent Refinement Workers: 15
 Periodic GC: Disabled
Heap:
 garbage-first heap   total 2191360K, used 1529393K [0x0000000601400000, 0x0000000800000000)
  region size 4096K, 6 young (24576K), 6 survivors (24576K)
 Metaspace       used 5837K, committed 6016K, reserved 1056768K
  class space    used 587K, committed 704K, reserved 1048576K
GC Heap History (20 events):
Event: 0.833 GC heap after
{Heap after GC invocations=10 (full 0):
 garbage-first heap   total 802816K, used 161385K [0x0000000601400000, 0x0000000800000000)
  region size 4096K, 1 young (4096K), 1 survivors (4096K)
 Metaspace       used 5546K, committed 5696K, reserved 1056768K
  class space    used 563K, committed 640K, reserved 1048576K
}
Event: 1.015 GC heap before
{Heap before GC invocations=10 (full 0):
 garbage-first heap   total 802816K, used 513641K [0x0000000601400000, 0x0000000800000000)
  region size 4096K, 43 young (176128K), 1 survivors (4096K)
 Metaspace       used 5605K, committed 5760K, reserved 1056768K
  class space    used 567K, committed 640K, reserved 1048576K
}
Event: 1.054 GC heap after
{Heap after GC invocations=11 (full 0):
 garbage-first heap   total 802816K, used 366916K [0x0000000601400000, 0x0000000800000000)
  region size 4096K, 15 young (61440K), 15 survivors (61440K)
 Metaspace       used 5605K, committed 5760K, reserved 1056768K
  class space    used 567K, committed 640K, reserved 1048576K
}
Event: 1.106 GC heap before
{Heap before GC invocations=11 (full 0):
 garbage-first heap   total 802816K, used 489796K [0x0000000601400000, 0x0000000800000000)
  region size 4096K, 39 young (159744K), 15 survivors (61440K)
 Metaspace       used 5818K, committed 6016K, reserved 1056768K
  class space    used 582K, committed 704K, reserved 1048576K
}
Event: 1.144 GC heap after
{Heap after GC invocations=12 (full 0):
 garbage-first heap   total 802816K, used 495616K [0x0000000601400000, 0x0000000800000000)
  region size 4096K, 5 young (20480K), 5 survivors (20480K)
 Metaspace       used 5818K, committed 6016K, reserved 1056768K
  class space    used 582K, committed 704K, reserved 1048576K
}
Event: 1.179 GC heap before
{Heap before GC invocations=12 (full 0):
 garbage-first heap   total 802816K, used 561152K [0x0000000601400000, 0x0000000800000000)
  region size 4096K, 21 young (86016K), 5 survivors (20480K)
 Metaspace       used 5818K, committed 6016K, reserved 1056768K
  class space    used 582K, committed 704K, reserved 1048576K
}
Event: 1.196 GC heap after
{Heap after GC invocations=13 (full 0):
 garbage-first heap   total 802816K, used 572610K [0x0000000601400000, 0x0000000800000000)
  region size 4096K, 3 young (12288K), 3 survivors (12288K)
 Metaspace       used 5818K, committed 6016K, reserved 1056768K
  class space    used 582K, committed 704K, reserved 1048576K
}
Event: 1.233 GC heap before
{Heap before GC invocations=13 (full 0):
 garbage-first heap   total 802816K, used 662722K [0x0000000601400000, 0x0000000800000000)
  region size 4096K, 14 young (57344K), 3 survivors (12288K)
 Metaspace       used 5818K, committed 6016K, reserved 1056768K
  class space    used 582K, committed 704K, reserved 1048576K
}
Event: 1.247 GC heap after
{Heap after GC invocations=14 (full 0):
 garbage-first heap   total 2191360K, used 668793K [0x0000000601400000, 0x0000000800000000)
  region size 4096K, 2 young (8192K), 2 survivors (8192K)
 Metaspace       used 5818K, committed 6016K, reserved 1056768K
  class space    used 582K, committed 704K, reserved 1048576K
}
Event: 1.362 GC heap before
{Heap before GC invocations=15 (full 0):
 garbage-first heap   total 2191360K, used 808057K [0x0000000601400000, 0x0000000800000000)
  region size 4096K, 42 young (172032K), 2 survivors (8192K)
 Metaspace       used 5818K, committed 6016K, reserved 1056768K
  class space    used 582K, committed 704K, reserved 1048576K
}
Event: 1.395 GC heap after
{Heap after GC invocations=16 (full 0):
 garbage-first heap   total 2191360K, used 812563K [0x0000000601400000, 0x0000000800000000)
  region size 4096K, 6 young (24576K), 6 survivors (24576K)
 Metaspace       used 5818K, committed 6016K, reserved 1056768K
  class space    used 582K, committed 704K, reserved 1048576K
}
Event: 1.521 GC heap before
{Heap before GC invocations=16 (full 0):
 garbage-first heap   total 2191360K, used 1041939K [0x0000000601400000, 0x0000000800000000)
  region size 4096K, 56 young (229376K), 6 survivors (24576K)
 Metaspace       used 5837K, committed 6016K, reserved 1056768K
  class space    used 587K, committed 704K, reserved 1048576K
}
Event: 1.575 GC heap after
{Heap after GC invocations=17 (full 0):
 garbage-first heap   total 2191360K, used 1051913K [0x0000000601400000, 0x0000000800000000)
  region size 4096K, 7 young (28672K), 7 survivors (28672K)
 Metaspace       used 5837K, committed 6016K, reserved 1056768K
  class space    used 587K, committed 704K, reserved 1048576K
}
Event: 1.587 GC heap before
{Heap before GC invocations=17 (full 0):
 garbage-first heap   total 2191360K, used 1068297K [0x0000000601400000, 0x0000000800000000)
  region size 4096K, 12 young (49152K), 7 survivors (28672K)
 Metaspace       used 5837K, committed 6016K, reserved 1056768K
  class space    used 587K, committed 704K, reserved 1048576K
}
Event: 1.598 GC heap after
{Heap after GC invocations=18 (full 0):
 garbage-first heap   total 2191360K, used 1084818K [0x0000000601400000, 0x0000000800000000)
  region size 4096K, 6 young (24576K), 6 survivors (24576K)
 Metaspace       used 5837K, committed 6016K, reserved 1056768K
  class space    used 587K, committed 704K, reserved 1048576K
}
Event: 1.793 GC heap before
{Heap before GC invocations=19 (full 0):
 garbage-first heap   total 2191360K, used 1379730K [0x0000000601400000, 0x0000000800000000)
  region size 4096K, 70 young (286720K), 6 survivors (24576K)
 Metaspace       used 5837K, committed 6016K, reserved 1056768K
  class space    used 587K, committed 704K, reserved 1048576K
}
Event: 1.857 GC heap after
{Heap after GC invocations=20 (full 0):
 garbage-first heap   total 2191360K, used 1383010K [0x0000000601400000, 0x0000000800000000)
  region size 4096K, 9 young (36864K), 9 survivors (36864K)
 Metaspace       used 5837K, committed 6016K, reserved 1056768K
  class space    used 587K, committed 704K, reserved 1048576K
}
Event: 1.898 GC heap before
{Heap before GC invocations=20 (full 0):
 garbage-first heap   total 2191360K, used 1452642K [0x0000000601400000, 0x0000000800000000)
  region size 4096K, 26 young (106496K), 9 survivors (36864K)
 Metaspace       used 5837K, committed 6016K, reserved 1056768K
  class space    used 587K, committed 704K, reserved 1048576K
}
Event: 1.919 GC heap after
{Heap after GC invocations=21 (full 0):
 garbage-first heap   total 2191360K, used 1460224K [0x0000000601400000, 0x0000000800000000)
  region size 4096K, 4 young (16384K), 4 survivors (16384K)
 Metaspace       used 5837K, committed 6016K, reserved 1056768K
  class space    used 587K, committed 704K, reserved 1048576K
}
Event: 1.954 GC heap before
{Heap before GC invocations=21 (full 0):
 garbage-first heap   total 2191360K, used 1517568K [0x0000000601400000, 0x0000000800000000)
  region size 4096K, 19 young (77824K), 4 survivors (16384K)
 Metaspace       used 5837K, committed 6016K, reserved 1056768K
  class space    used 587K, committed 704K, reserved 1048576K
}

